Analysis & Synthesis report for ula_32_bits
Thu Feb 25 14:28:37 2016
Quartus II 64-Bit Version 13.0.1 Build 232 06/12/2013 Service Pack 1 SJ Web Edition


---------------------
; Table of Contents ;
---------------------
  1. Legal Notice
  2. Analysis & Synthesis Summary
  3. Analysis & Synthesis Settings
  4. Parallel Compilation
  5. Analysis & Synthesis Source Files Read
  6. Analysis & Synthesis Resource Usage Summary
  7. Analysis & Synthesis Resource Utilization by Entity
  8. User-Specified and Inferred Latches
  9. General Register Statistics
 10. Multiplexer Restructuring Statistics (Restructuring Performed)
 11. Parameter Settings for User Entity Instance: Top-level Entity: |ula_32_bits
 12. Elapsed Time Per Partition
 13. Analysis & Synthesis Messages



----------------
; Legal Notice ;
----------------
Copyright (C) 1991-2013 Altera Corporation
Your use of Altera Corporation's design tools, logic functions 
and other software and tools, and its AMPP partner logic 
functions, and any output files from any of the foregoing 
(including device programming or simulation files), and any 
associated documentation or information are expressly subject 
to the terms and conditions of the Altera Program License 
Subscription Agreement, Altera MegaCore Function License 
Agreement, or other applicable license agreement, including, 
without limitation, that your use is for the sole purpose of 
programming logic devices manufactured by Altera and sold by 
Altera or its authorized distributors.  Please refer to the 
applicable agreement for further details.



+--------------------------------------------------------------------------------------+
; Analysis & Synthesis Summary                                                         ;
+------------------------------------+-------------------------------------------------+
; Analysis & Synthesis Status        ; Successful - Thu Feb 25 14:28:37 2016           ;
; Quartus II 64-Bit Version          ; 13.0.1 Build 232 06/12/2013 SP 1 SJ Web Edition ;
; Revision Name                      ; ula_32_bits                                     ;
; Top-level Entity Name              ; ula_32_bits                                     ;
; Family                             ; Cyclone IV GX                                   ;
; Total logic elements               ; 937                                             ;
;     Total combinational functions  ; 937                                             ;
;     Dedicated logic registers      ; 0                                               ;
; Total registers                    ; 0                                               ;
; Total pins                         ; 107                                             ;
; Total virtual pins                 ; 0                                               ;
; Total memory bits                  ; 0                                               ;
; Embedded Multiplier 9-bit elements ; 0                                               ;
; Total GXB Receiver Channel PCS     ; 0                                               ;
; Total GXB Receiver Channel PMA     ; 0                                               ;
; Total GXB Transmitter Channel PCS  ; 0                                               ;
; Total GXB Transmitter Channel PMA  ; 0                                               ;
; Total PLLs                         ; 0                                               ;
+------------------------------------+-------------------------------------------------+


+----------------------------------------------------------------------------------------------------------------------+
; Analysis & Synthesis Settings                                                                                        ;
+----------------------------------------------------------------------------+--------------------+--------------------+
; Option                                                                     ; Setting            ; Default Value      ;
+----------------------------------------------------------------------------+--------------------+--------------------+
; Top-level entity name                                                      ; ula_32_bits        ; ula_32_bits        ;
; Family name                                                                ; Cyclone IV GX      ; Cyclone IV GX      ;
; Use smart compilation                                                      ; Off                ; Off                ;
; Enable parallel Assembler and TimeQuest Timing Analyzer during compilation ; On                 ; On                 ;
; Enable compact report table                                                ; Off                ; Off                ;
; Restructure Multiplexers                                                   ; Auto               ; Auto               ;
; Create Debugging Nodes for IP Cores                                        ; Off                ; Off                ;
; Preserve fewer node names                                                  ; On                 ; On                 ;
; Disable OpenCore Plus hardware evaluation                                  ; Off                ; Off                ;
; Verilog Version                                                            ; Verilog_2001       ; Verilog_2001       ;
; VHDL Version                                                               ; VHDL_1993          ; VHDL_1993          ;
; State Machine Processing                                                   ; Auto               ; Auto               ;
; Safe State Machine                                                         ; Off                ; Off                ;
; Extract Verilog State Machines                                             ; On                 ; On                 ;
; Extract VHDL State Machines                                                ; On                 ; On                 ;
; Ignore Verilog initial constructs                                          ; Off                ; Off                ;
; Iteration limit for constant Verilog loops                                 ; 5000               ; 5000               ;
; Iteration limit for non-constant Verilog loops                             ; 250                ; 250                ;
; Add Pass-Through Logic to Inferred RAMs                                    ; On                 ; On                 ;
; Infer RAMs from Raw Logic                                                  ; On                 ; On                 ;
; Parallel Synthesis                                                         ; On                 ; On                 ;
; DSP Block Balancing                                                        ; Auto               ; Auto               ;
; NOT Gate Push-Back                                                         ; On                 ; On                 ;
; Power-Up Don't Care                                                        ; On                 ; On                 ;
; Remove Redundant Logic Cells                                               ; Off                ; Off                ;
; Remove Duplicate Registers                                                 ; On                 ; On                 ;
; Ignore CARRY Buffers                                                       ; Off                ; Off                ;
; Ignore CASCADE Buffers                                                     ; Off                ; Off                ;
; Ignore GLOBAL Buffers                                                      ; Off                ; Off                ;
; Ignore ROW GLOBAL Buffers                                                  ; Off                ; Off                ;
; Ignore LCELL Buffers                                                       ; Off                ; Off                ;
; Ignore SOFT Buffers                                                        ; On                 ; On                 ;
; Limit AHDL Integers to 32 Bits                                             ; Off                ; Off                ;
; Optimization Technique                                                     ; Balanced           ; Balanced           ;
; Carry Chain Length                                                         ; 70                 ; 70                 ;
; Auto Carry Chains                                                          ; On                 ; On                 ;
; Auto Open-Drain Pins                                                       ; On                 ; On                 ;
; Perform WYSIWYG Primitive Resynthesis                                      ; Off                ; Off                ;
; Auto ROM Replacement                                                       ; On                 ; On                 ;
; Auto RAM Replacement                                                       ; On                 ; On                 ;
; Auto DSP Block Replacement                                                 ; On                 ; On                 ;
; Auto Shift Register Replacement                                            ; Auto               ; Auto               ;
; Allow Shift Register Merging across Hierarchies                            ; Auto               ; Auto               ;
; Auto Clock Enable Replacement                                              ; On                 ; On                 ;
; Strict RAM Replacement                                                     ; Off                ; Off                ;
; Allow Synchronous Control Signals                                          ; On                 ; On                 ;
; Force Use of Synchronous Clear Signals                                     ; Off                ; Off                ;
; Auto RAM Block Balancing                                                   ; On                 ; On                 ;
; Auto RAM to Logic Cell Conversion                                          ; Off                ; Off                ;
; Auto Resource Sharing                                                      ; Off                ; Off                ;
; Allow Any RAM Size For Recognition                                         ; Off                ; Off                ;
; Allow Any ROM Size For Recognition                                         ; Off                ; Off                ;
; Allow Any Shift Register Size For Recognition                              ; Off                ; Off                ;
; Use LogicLock Constraints during Resource Balancing                        ; On                 ; On                 ;
; Ignore translate_off and synthesis_off directives                          ; Off                ; Off                ;
; Timing-Driven Synthesis                                                    ; On                 ; On                 ;
; Report Parameter Settings                                                  ; On                 ; On                 ;
; Report Source Assignments                                                  ; On                 ; On                 ;
; Report Connectivity Checks                                                 ; On                 ; On                 ;
; Ignore Maximum Fan-Out Assignments                                         ; Off                ; Off                ;
; Synchronization Register Chain Length                                      ; 2                  ; 2                  ;
; PowerPlay Power Optimization                                               ; Normal compilation ; Normal compilation ;
; HDL message level                                                          ; Level2             ; Level2             ;
; Suppress Register Optimization Related Messages                            ; Off                ; Off                ;
; Number of Removed Registers Reported in Synthesis Report                   ; 5000               ; 5000               ;
; Number of Swept Nodes Reported in Synthesis Report                         ; 5000               ; 5000               ;
; Number of Inverted Registers Reported in Synthesis Report                  ; 100                ; 100                ;
; Clock MUX Protection                                                       ; On                 ; On                 ;
; Auto Gated Clock Conversion                                                ; Off                ; Off                ;
; Block Design Naming                                                        ; Auto               ; Auto               ;
; SDC constraint protection                                                  ; Off                ; Off                ;
; Synthesis Effort                                                           ; Auto               ; Auto               ;
; Shift Register Replacement - Allow Asynchronous Clear Signal               ; On                 ; On                 ;
; Pre-Mapping Resynthesis Optimization                                       ; Off                ; Off                ;
; Analysis & Synthesis Message Level                                         ; Medium             ; Medium             ;
; Disable Register Merging Across Hierarchies                                ; Auto               ; Auto               ;
; Resource Aware Inference For Block RAM                                     ; On                 ; On                 ;
; Synthesis Seed                                                             ; 1                  ; 1                  ;
+----------------------------------------------------------------------------+--------------------+--------------------+


Parallel compilation was disabled, but you have multiple processors available. Enable parallel compilation to reduce compilation time.
+-------------------------------------+
; Parallel Compilation                ;
+----------------------------+--------+
; Processors                 ; Number ;
+----------------------------+--------+
; Number detected on machine ; 4      ;
; Maximum allowed            ; 1      ;
+----------------------------+--------+


+--------------------------------------------------------------------------------------------------------------------------------------------------------------------------------+
; Analysis & Synthesis Source Files Read                                                                                                                                         ;
+------------------------------------------+-----------------+------------------------+--------------------------------------------------------------------------------+---------+
; File Name with User-Entered Path         ; Used in Netlist ; File Type              ; File Name with Absolute Path                                                   ; Library ;
+------------------------------------------+-----------------+------------------------+--------------------------------------------------------------------------------+---------+
; ../detector_de_flags/detector_de_flags.v ; yes             ; User Verilog HDL File  ; D:/Workspaces/Github/PBL-SD-2/Components/detector_de_flags/detector_de_flags.v ;         ;
; ula_32_bits.v                            ; yes             ; User Verilog HDL File  ; D:/Workspaces/Github/PBL-SD-2/Components/ula_32_bits/ula_32_bits.v             ;         ;
+------------------------------------------+-----------------+------------------------+--------------------------------------------------------------------------------+---------+


+-----------------------------------------------+
; Analysis & Synthesis Resource Usage Summary   ;
+--------------------------+--------------------+
; Resource                 ; Usage              ;
+--------------------------+--------------------+
; I/O pins                 ; 107                ;
; DSP block 9-bit elements ; 0                  ;
; Maximum fan-out node     ; Selection[0]~input ;
; Maximum fan-out          ; 177                ;
; Total fan-out            ; 3237               ;
; Average fan-out          ; 2.81               ;
+--------------------------+--------------------+


+-------------------------------------------------------------------------------------------------------------------------------------------------------------------------------------------------------+
; Analysis & Synthesis Resource Utilization by Entity                                                                                                                                                   ;
+----------------------------+-------------------+--------------+-------------+--------------+---------+-----------+-----------+------+--------------+-----------------------------------+--------------+
; Compilation Hierarchy Node ; LC Combinationals ; LC Registers ; Memory Bits ; DSP Elements ; DSP 9x9 ; DSP 18x18 ; DSP 36x36 ; Pins ; Virtual Pins ; Full Hierarchy Name               ; Library Name ;
+----------------------------+-------------------+--------------+-------------+--------------+---------+-----------+-----------+------+--------------+-----------------------------------+--------------+
; |ula_32_bits               ; 937 (926)         ; 0 (0)        ; 0           ; 0            ; 0       ; 0         ; 0         ; 107  ; 0            ; |ula_32_bits                      ; work         ;
;    |detector_de_flags:U1|  ; 11 (11)           ; 0 (0)        ; 0           ; 0            ; 0       ; 0         ; 0         ; 0    ; 0            ; |ula_32_bits|detector_de_flags:U1 ; work         ;
+----------------------------+-------------------+--------------+-------------+--------------+---------+-----------+-----------+------+--------------+-----------------------------------+--------------+
Note: For table entries with two numbers listed, the numbers in parentheses indicate the number of resources of the given type used by the specific entity alone. The numbers listed outside of parentheses indicate the total resources of the given type used by the specific entity and all of its sub-entities in the hierarchy.


+----------------------------------------------------------------------------------------------------+
; User-Specified and Inferred Latches                                                                ;
+-----------------------------------------------------+---------------------+------------------------+
; Latch Name                                          ; Latch Enable Signal ; Free of Timing Hazards ;
+-----------------------------------------------------+---------------------+------------------------+
; Data_out[0]$latch                                   ; Data_out[30]        ; yes                    ;
; Data_out[1]$latch                                   ; Data_out[30]        ; yes                    ;
; Data_out[2]$latch                                   ; Data_out[30]        ; yes                    ;
; Data_out[3]$latch                                   ; Data_out[30]        ; yes                    ;
; Data_out[4]$latch                                   ; Data_out[30]        ; yes                    ;
; Data_out[5]$latch                                   ; Data_out[30]        ; yes                    ;
; Data_out[6]$latch                                   ; Data_out[30]        ; yes                    ;
; Data_out[7]$latch                                   ; Data_out[30]        ; yes                    ;
; Data_out[8]$latch                                   ; Data_out[30]        ; yes                    ;
; Data_out[9]$latch                                   ; Data_out[30]        ; yes                    ;
; Data_out[10]$latch                                  ; Data_out[30]        ; yes                    ;
; Data_out[11]$latch                                  ; Data_out[30]        ; yes                    ;
; Data_out[12]$latch                                  ; Data_out[30]        ; yes                    ;
; Data_out[13]$latch                                  ; Data_out[30]        ; yes                    ;
; Data_out[14]$latch                                  ; Data_out[30]        ; yes                    ;
; Data_out[15]$latch                                  ; Data_out[30]        ; yes                    ;
; Data_out[16]$latch                                  ; Data_out[30]        ; yes                    ;
; Data_out[17]$latch                                  ; Data_out[30]        ; yes                    ;
; Data_out[18]$latch                                  ; Data_out[30]        ; yes                    ;
; Data_out[19]$latch                                  ; Data_out[30]        ; yes                    ;
; Data_out[20]$latch                                  ; Data_out[30]        ; yes                    ;
; Data_out[21]$latch                                  ; Data_out[30]        ; yes                    ;
; Data_out[22]$latch                                  ; Data_out[30]        ; yes                    ;
; Data_out[23]$latch                                  ; Data_out[30]        ; yes                    ;
; Data_out[24]$latch                                  ; Data_out[30]        ; yes                    ;
; Data_out[25]$latch                                  ; Data_out[30]        ; yes                    ;
; Data_out[26]$latch                                  ; Data_out[30]        ; yes                    ;
; Data_out[27]$latch                                  ; Data_out[30]        ; yes                    ;
; Data_out[28]$latch                                  ; Data_out[30]        ; yes                    ;
; Data_out[29]$latch                                  ; Data_out[30]        ; yes                    ;
; Data_out[30]$latch                                  ; Data_out[30]        ; yes                    ;
; Data_out[31]$latch                                  ; Data_out[30]        ; yes                    ;
; Signal$latch                                        ; Signal              ; yes                    ;
; Carry_out$latch                                     ; Signal              ; yes                    ;
; Number of user-specified and inferred latches = 34  ;                     ;                        ;
+-----------------------------------------------------+---------------------+------------------------+
Note: All latches listed above may not be present at the end of synthesis due to various synthesis optimizations.


+------------------------------------------------------+
; General Register Statistics                          ;
+----------------------------------------------+-------+
; Statistic                                    ; Value ;
+----------------------------------------------+-------+
; Total registers                              ; 0     ;
; Number of registers using Synchronous Clear  ; 0     ;
; Number of registers using Synchronous Load   ; 0     ;
; Number of registers using Asynchronous Clear ; 0     ;
; Number of registers using Asynchronous Load  ; 0     ;
; Number of registers using Clock Enable       ; 0     ;
; Number of registers using Preset             ; 0     ;
+----------------------------------------------+-------+


+------------------------------------------------------------------------------------------------------------------------------------------+
; Multiplexer Restructuring Statistics (Restructuring Performed)                                                                           ;
+--------------------+-----------+---------------+----------------------+------------------------+------------+----------------------------+
; Multiplexer Inputs ; Bus Width ; Baseline Area ; Area if Restructured ; Saving if Restructured ; Registered ; Example Multiplexer Output ;
+--------------------+-----------+---------------+----------------------+------------------------+------------+----------------------------+
; 24:1               ; 8 bits    ; 128 LEs       ; 112 LEs              ; 16 LEs                 ; No         ; |ula_32_bits|Mux6          ;
; 24:1               ; 8 bits    ; 128 LEs       ; 112 LEs              ; 16 LEs                 ; No         ; |ula_32_bits|Mux1          ;
; 25:1               ; 4 bits    ; 64 LEs        ; 60 LEs               ; 4 LEs                  ; No         ; |ula_32_bits|Mux13         ;
; 25:1               ; 4 bits    ; 64 LEs        ; 60 LEs               ; 4 LEs                  ; No         ; |ula_32_bits|Mux27         ;
; 26:1               ; 2 bits    ; 34 LEs        ; 32 LEs               ; 2 LEs                  ; No         ; |ula_32_bits|Mux18         ;
; 26:1               ; 2 bits    ; 34 LEs        ; 32 LEs               ; 2 LEs                  ; No         ; |ula_32_bits|Mux29         ;
+--------------------+-----------+---------------+----------------------+------------------------+------------+----------------------------+


+-----------------------------------------------------------------------------+
; Parameter Settings for User Entity Instance: Top-level Entity: |ula_32_bits ;
+------------------+-------+--------------------------------------------------+
; Parameter Name   ; Value ; Type                                             ;
+------------------+-------+--------------------------------------------------+
; Opcode_not       ; 00000 ; Unsigned Binary                                  ;
; Opcode_and       ; 00001 ; Unsigned Binary                                  ;
; Opcode_and_not_A ; 00010 ; Unsigned Binary                                  ;
; Opcode_and_not_B ; 00011 ; Unsigned Binary                                  ;
; Opcode_nand      ; 00100 ; Unsigned Binary                                  ;
; Opcode_or        ; 00101 ; Unsigned Binary                                  ;
; Opcode_or_not_A  ; 00110 ; Unsigned Binary                                  ;
; Opcode_or_not_B  ; 00111 ; Unsigned Binary                                  ;
; Opcode_nor       ; 01000 ; Unsigned Binary                                  ;
; Opcode_xor       ; 01001 ; Unsigned Binary                                  ;
; Opcode_xnor      ; 01010 ; Unsigned Binary                                  ;
; Opcode_add       ; 01011 ; Unsigned Binary                                  ;
; Opcode_add_inc   ; 01100 ; Unsigned Binary                                  ;
; Opcode_inc_A     ; 01101 ; Unsigned Binary                                  ;
; Opcode_sub       ; 01110 ; Unsigned Binary                                  ;
; Opcode_sub_dec   ; 01111 ; Unsigned Binary                                  ;
; Opcode_dec_A     ; 10000 ; Unsigned Binary                                  ;
; Opcode_lsl       ; 10001 ; Unsigned Binary                                  ;
; Opcode_rsl       ; 10010 ; Unsigned Binary                                  ;
+------------------+-------+--------------------------------------------------+
Note: In order to hide this table in the UI and the text report file, please set the "Show Parameter Settings in Synthesis Report" option in "Analysis and Synthesis Settings -> More Settings" to "Off".


+-------------------------------+
; Elapsed Time Per Partition    ;
+----------------+--------------+
; Partition Name ; Elapsed Time ;
+----------------+--------------+
; Top            ; 00:00:04     ;
+----------------+--------------+


+-------------------------------+
; Analysis & Synthesis Messages ;
+-------------------------------+
Info: *******************************************************************
Info: Running Quartus II 64-Bit Analysis & Synthesis
    Info: Version 13.0.1 Build 232 06/12/2013 Service Pack 1 SJ Web Edition
    Info: Processing started: Thu Feb 25 14:28:31 2016
Info: Command: quartus_map --read_settings_files=on --write_settings_files=off ula_32_bits -c ula_32_bits
Warning (20028): Parallel compilation is not licensed and has been disabled
Info (12021): Found 1 design units, including 1 entities, in source file /workspaces/github/pbl-sd-2/components/detector_de_flags/detector_de_flags.v
    Info (12023): Found entity 1: detector_de_flags
Info (12021): Found 1 design units, including 1 entities, in source file ula_32_bits.v
    Info (12023): Found entity 1: ula_32_bits
Info (12021): Found 1 design units, including 1 entities, in source file tb_ula_32_bits.v
    Info (12023): Found entity 1: TB_ula_32_bits
Info (12127): Elaborating entity "ula_32_bits" for the top level hierarchy
Warning (10270): Verilog HDL Case Statement warning at ula_32_bits.v(97): incomplete case statement has no default case item
Warning (10240): Verilog HDL Always Construct warning at ula_32_bits.v(93): inferring latch(es) for variable "Data_out", which holds its previous value in one or more paths through the always construct
Warning (10240): Verilog HDL Always Construct warning at ula_32_bits.v(93): inferring latch(es) for variable "S", which holds its previous value in one or more paths through the always construct
Warning (10240): Verilog HDL Always Construct warning at ula_32_bits.v(93): inferring latch(es) for variable "Carry_out", which holds its previous value in one or more paths through the always construct
Warning (10240): Verilog HDL Always Construct warning at ula_32_bits.v(93): inferring latch(es) for variable "Signal", which holds its previous value in one or more paths through the always construct
Info (10041): Inferred latch for "Signal" at ula_32_bits.v(193)
Info (10041): Inferred latch for "Carry_out" at ula_32_bits.v(193)
Info (10041): Inferred latch for "Data_out[0]" at ula_32_bits.v(193)
Info (10041): Inferred latch for "Data_out[1]" at ula_32_bits.v(193)
Info (10041): Inferred latch for "Data_out[2]" at ula_32_bits.v(193)
Info (10041): Inferred latch for "Data_out[3]" at ula_32_bits.v(193)
Info (10041): Inferred latch for "Data_out[4]" at ula_32_bits.v(193)
Info (10041): Inferred latch for "Data_out[5]" at ula_32_bits.v(193)
Info (10041): Inferred latch for "Data_out[6]" at ula_32_bits.v(193)
Info (10041): Inferred latch for "Data_out[7]" at ula_32_bits.v(193)
Info (10041): Inferred latch for "Data_out[8]" at ula_32_bits.v(193)
Info (10041): Inferred latch for "Data_out[9]" at ula_32_bits.v(193)
Info (10041): Inferred latch for "Data_out[10]" at ula_32_bits.v(193)
Info (10041): Inferred latch for "Data_out[11]" at ula_32_bits.v(193)
Info (10041): Inferred latch for "Data_out[12]" at ula_32_bits.v(193)
Info (10041): Inferred latch for "Data_out[13]" at ula_32_bits.v(193)
Info (10041): Inferred latch for "Data_out[14]" at ula_32_bits.v(193)
Info (10041): Inferred latch for "Data_out[15]" at ula_32_bits.v(193)
Info (10041): Inferred latch for "Data_out[16]" at ula_32_bits.v(193)
Info (10041): Inferred latch for "Data_out[17]" at ula_32_bits.v(193)
Info (10041): Inferred latch for "Data_out[18]" at ula_32_bits.v(193)
Info (10041): Inferred latch for "Data_out[19]" at ula_32_bits.v(193)
Info (10041): Inferred latch for "Data_out[20]" at ula_32_bits.v(193)
Info (10041): Inferred latch for "Data_out[21]" at ula_32_bits.v(193)
Info (10041): Inferred latch for "Data_out[22]" at ula_32_bits.v(193)
Info (10041): Inferred latch for "Data_out[23]" at ula_32_bits.v(193)
Info (10041): Inferred latch for "Data_out[24]" at ula_32_bits.v(193)
Info (10041): Inferred latch for "Data_out[25]" at ula_32_bits.v(193)
Info (10041): Inferred latch for "Data_out[26]" at ula_32_bits.v(193)
Info (10041): Inferred latch for "Data_out[27]" at ula_32_bits.v(193)
Info (10041): Inferred latch for "Data_out[28]" at ula_32_bits.v(193)
Info (10041): Inferred latch for "Data_out[29]" at ula_32_bits.v(193)
Info (10041): Inferred latch for "Data_out[30]" at ula_32_bits.v(193)
Info (10041): Inferred latch for "Data_out[31]" at ula_32_bits.v(193)
Info (12128): Elaborating entity "detector_de_flags" for hierarchy "detector_de_flags:U1"
Warning (13012): Latch Data_out[0]$latch has unsafe behavior
    Warning (13013): Ports D and ENA on the latch are fed by the same signal Selection[4]
Warning (13012): Latch Data_out[1]$latch has unsafe behavior
    Warning (13013): Ports D and ENA on the latch are fed by the same signal Selection[4]
Warning (13012): Latch Data_out[2]$latch has unsafe behavior
    Warning (13013): Ports D and ENA on the latch are fed by the same signal Selection[4]
Warning (13012): Latch Data_out[3]$latch has unsafe behavior
    Warning (13013): Ports D and ENA on the latch are fed by the same signal Selection[4]
Warning (13012): Latch Data_out[4]$latch has unsafe behavior
    Warning (13013): Ports D and ENA on the latch are fed by the same signal Selection[1]
Warning (13012): Latch Data_out[5]$latch has unsafe behavior
    Warning (13013): Ports D and ENA on the latch are fed by the same signal Selection[1]
Warning (13012): Latch Data_out[6]$latch has unsafe behavior
    Warning (13013): Ports D and ENA on the latch are fed by the same signal Selection[1]
Warning (13012): Latch Data_out[7]$latch has unsafe behavior
    Warning (13013): Ports D and ENA on the latch are fed by the same signal Selection[1]
Warning (13012): Latch Data_out[8]$latch has unsafe behavior
    Warning (13013): Ports D and ENA on the latch are fed by the same signal Selection[4]
Warning (13012): Latch Data_out[9]$latch has unsafe behavior
    Warning (13013): Ports D and ENA on the latch are fed by the same signal Selection[4]
Warning (13012): Latch Data_out[10]$latch has unsafe behavior
    Warning (13013): Ports D and ENA on the latch are fed by the same signal Selection[4]
Warning (13012): Latch Data_out[11]$latch has unsafe behavior
    Warning (13013): Ports D and ENA on the latch are fed by the same signal Selection[4]
Warning (13012): Latch Data_out[12]$latch has unsafe behavior
    Warning (13013): Ports D and ENA on the latch are fed by the same signal Selection[4]
Warning (13012): Latch Data_out[13]$latch has unsafe behavior
    Warning (13013): Ports D and ENA on the latch are fed by the same signal Selection[4]
Warning (13012): Latch Data_out[14]$latch has unsafe behavior
    Warning (13013): Ports D and ENA on the latch are fed by the same signal Selection[4]
Warning (13012): Latch Data_out[15]$latch has unsafe behavior
    Warning (13013): Ports D and ENA on the latch are fed by the same signal Selection[4]
Warning (13012): Latch Data_out[16]$latch has unsafe behavior
    Warning (13013): Ports D and ENA on the latch are fed by the same signal Selection[4]
Warning (13012): Latch Data_out[17]$latch has unsafe behavior
    Warning (13013): Ports D and ENA on the latch are fed by the same signal Selection[4]
Warning (13012): Latch Data_out[18]$latch has unsafe behavior
    Warning (13013): Ports D and ENA on the latch are fed by the same signal Selection[4]
Warning (13012): Latch Data_out[19]$latch has unsafe behavior
    Warning (13013): Ports D and ENA on the latch are fed by the same signal Selection[4]
Warning (13012): Latch Data_out[20]$latch has unsafe behavior
    Warning (13013): Ports D and ENA on the latch are fed by the same signal Selection[4]
Warning (13012): Latch Data_out[21]$latch has unsafe behavior
    Warning (13013): Ports D and ENA on the latch are fed by the same signal Selection[4]
Warning (13012): Latch Data_out[22]$latch has unsafe behavior
    Warning (13013): Ports D and ENA on the latch are fed by the same signal Selection[4]
Warning (13012): Latch Data_out[23]$latch has unsafe behavior
    Warning (13013): Ports D and ENA on the latch are fed by the same signal Selection[4]
Warning (13012): Latch Data_out[24]$latch has unsafe behavior
    Warning (13013): Ports D and ENA on the latch are fed by the same signal Selection[1]
Warning (13012): Latch Data_out[25]$latch has unsafe behavior
    Warning (13013): Ports D and ENA on the latch are fed by the same signal Selection[1]
Warning (13012): Latch Data_out[26]$latch has unsafe behavior
    Warning (13013): Ports D and ENA on the latch are fed by the same signal Selection[1]
Warning (13012): Latch Data_out[27]$latch has unsafe behavior
    Warning (13013): Ports D and ENA on the latch are fed by the same signal Selection[1]
Warning (13012): Latch Data_out[28]$latch has unsafe behavior
    Warning (13013): Ports D and ENA on the latch are fed by the same signal Selection[4]
Warning (13012): Latch Data_out[29]$latch has unsafe behavior
    Warning (13013): Ports D and ENA on the latch are fed by the same signal Selection[4]
Warning (13012): Latch Data_out[30]$latch has unsafe behavior
    Warning (13013): Ports D and ENA on the latch are fed by the same signal Selection[4]
Warning (13012): Latch Data_out[31]$latch has unsafe behavior
    Warning (13013): Ports D and ENA on the latch are fed by the same signal Selection[3]
Warning (13012): Latch Signal$latch has unsafe behavior
    Warning (13013): Ports D and ENA on the latch are fed by the same signal Selection[3]
Warning (13012): Latch Carry_out$latch has unsafe behavior
    Warning (13013): Ports D and ENA on the latch are fed by the same signal Selection[4]
Info (286030): Timing-Driven Synthesis is running
Info (16010): Generating hard_block partition "hard_block:auto_generated_inst"
    Info (16011): Adding 0 node(s), including 0 DDIO, 0 PLL, 0 transceiver and 0 LCELL
Info (21057): Implemented 1044 device resources after synthesis - the final resource count might be different
    Info (21058): Implemented 70 input pins
    Info (21059): Implemented 37 output pins
    Info (21061): Implemented 937 logic cells
Info: Quartus II 64-Bit Analysis & Synthesis was successful. 0 errors, 74 warnings
    Info: Peak virtual memory: 502 megabytes
    Info: Processing ended: Thu Feb 25 14:28:37 2016
    Info: Elapsed time: 00:00:06
    Info: Total CPU time (on all processors): 00:00:06


